0 info it worked if it ends with ok
1 verbose cli [ '/home/f6805293/packages/node-v7.7.2-linux-x64/bin/node',
1 verbose cli   '/home/f6805293/packages/node/bin/npm',
1 verbose cli   'run',
1 verbose cli   'test' ]
2 info using npm@4.1.2
3 info using node@v7.7.2
4 verbose run-script [ 'pretest', 'test', 'posttest' ]
5 info lifecycle sequelize-version@0.0.12~pretest: sequelize-version@0.0.12
6 silly lifecycle sequelize-version@0.0.12~pretest: no script for pretest, continuing
7 info lifecycle sequelize-version@0.0.12~test: sequelize-version@0.0.12
8 verbose lifecycle sequelize-version@0.0.12~test: unsafe-perm in lifecycle true
9 verbose lifecycle sequelize-version@0.0.12~test: PATH: /home/f6805293/packages/node-v7.7.2-linux-x64/lib/node_modules/npm/bin/node-gyp-bin:/home/f6805293/workspace/sequelize-version/node_modules/.bin:/home/f6805293/workspace/sequelize-version/node_modules/.bin:/home/f6805293/.config/yarn/link/node_modules/.bin:/home/f6805293/workspace/sequelize-version/node_modules/.bin:/home/f6805293/.config/yarn/link/node_modules/.bin:/home/f6805293/packages/node-v7.7.2-linux-x64/lib/node_modules/yarn/bin/node-gyp-bin:/usr/local/sbin:/usr/local/bin:/usr/sbin:/usr/bin:/sbin:/bin:/usr/games:/usr/local/games:/snap/bin:/home/f6805293/bin:/home/f6805293/.local/bin:/home/f6805293/packages/node/bin:/home/f6805293/workspace/scripts:/usr/lib/jvm/java-8-openjdk/bin:/snap/bin:/home/f6805293/bin:/home/f6805293/.local/bin:/home/f6805293/packages/node/bin:/home/f6805293/workspace/scripts:/usr/lib/jvm/java-8-openjdk/bin
10 verbose lifecycle sequelize-version@0.0.12~test: CWD: /home/f6805293/workspace/sequelize-version
11 silly lifecycle sequelize-version@0.0.12~test: Args: [ '-c', 'mocha' ]
12 silly lifecycle sequelize-version@0.0.12~test: Returned: code: 1  signal: null
13 info lifecycle sequelize-version@0.0.12~test: Failed to exec test script
14 verbose stack Error: sequelize-version@0.0.12 test: `mocha`
14 verbose stack Exit status 1
14 verbose stack     at EventEmitter.<anonymous> (/home/f6805293/packages/node-v7.7.2-linux-x64/lib/node_modules/npm/lib/utils/lifecycle.js:279:16)
14 verbose stack     at emitTwo (events.js:106:13)
14 verbose stack     at EventEmitter.emit (events.js:194:7)
14 verbose stack     at ChildProcess.<anonymous> (/home/f6805293/packages/node-v7.7.2-linux-x64/lib/node_modules/npm/lib/utils/spawn.js:40:14)
14 verbose stack     at emitTwo (events.js:106:13)
14 verbose stack     at ChildProcess.emit (events.js:194:7)
14 verbose stack     at maybeClose (internal/child_process.js:899:16)
14 verbose stack     at Process.ChildProcess._handle.onexit (internal/child_process.js:226:5)
15 verbose pkgid sequelize-version@0.0.12
16 verbose cwd /home/f6805293/workspace/sequelize-version
17 error Linux 4.10.0-27-generic
18 error argv "/home/f6805293/packages/node-v7.7.2-linux-x64/bin/node" "/home/f6805293/packages/node/bin/npm" "run" "test"
19 error node v7.7.2
20 error npm  v4.1.2
21 error code ELIFECYCLE
22 error sequelize-version@0.0.12 test: `mocha`
22 error Exit status 1
23 error Failed at the sequelize-version@0.0.12 test script 'mocha'.
23 error Make sure you have the latest version of node.js and npm installed.
23 error If you do, this is most likely a problem with the sequelize-version package,
23 error not with npm itself.
23 error Tell the author that this fails on your system:
23 error     mocha
23 error You can get information on how to open an issue for this project with:
23 error     npm bugs sequelize-version
23 error Or if that isn't available, you can get their info via:
23 error     npm owner ls sequelize-version
23 error There is likely additional logging output above.
24 verbose exit [ 1, true ]
